#
# A fatal error has been detected by the Java Runtime Environment:
#
#  SIGSEGV (0xb) at pc=0x00007ff096ff5530, pid=3736, tid=140670869636864
#
# JRE version: Java(TM) SE Runtime Environment (8.0_40-b25) (build 1.8.0_40-b25)
# Java VM: Java HotSpot(TM) 64-Bit Server VM (25.40-b25 mixed mode linux-amd64 compressed oops)
# Problematic frame:
# V  [libjvm.so+0x899530]  Method::checked_resolve_jmethod_id(_jmethodID*)+0x20
#
# Failed to write core dump. Core dumps have been disabled. To enable core dumping, try "ulimit -c unlimited" before starting Java again
#
# If you would like to submit a bug report, please visit:
#   http://bugreport.java.com/bugreport/crash.jsp
#

---------------  T H R E A D  ---------------

Current thread (0x00007ff0900c8000):  JavaThread "JDWP Transport Listener: dt_socket" daemon [_thread_in_vm, id=3750, stack(0x00007ff07d270000,0x00007ff07d371000)]

siginfo: si_signo: 11 (SIGSEGV), si_code: 1 (SEGV_MAPERR), si_addr: 0x000048b10064f07f

Registers:
RAX=0x0000000000000001, RBX=0x00007ff090008a60, RCX=0x00007ff09811c320, RDX=0x00007ff0976f9c00
RSP=0x00007ff07d36f710, RBP=0x00007ff07d36f720, RSI=0x00007ff0900c8000, RDI=0x000048b10064f07f
R8 =0x0000000000000000, R9 =0x00007ff06401f710, R10=0x0000000000000020, R11=0x00007ff0978abc70
R12=0x0000000000000017, R13=0x000048b10064f07f, R14=0x00007ff0900c8000, R15=0x00007ff07d36f827
RIP=0x00007ff096ff5530, EFLAGS=0x0000000000010202, CSGSFS=0x0000000000000033, ERR=0x0000000000000004
  TRAPNO=0x000000000000000e

Top of Stack: (sp=0x00007ff07d36f710)
0x00007ff07d36f710:   0000000000000074 00007ff090008a60
0x00007ff07d36f720:   00007ff07d36f790 00007ff096e86fce
0x00007ff07d36f730:   0000000000000073 00007ff07d36f740
0x00007ff07d36f740:   00007ff0900c8000 0000000000000000
0x00007ff07d36f750:   00007ff000000000 0000000000000000
0x00007ff07d36f760:   00007ff07d36f780 00007ff095e12e40
0x00007ff07d36f770:   000048b10064f07f 00007ff07d36f827
0x00007ff07d36f780:   0000000000000013 00007ff07d36f827
0x00007ff07d36f790:   00007ff07d36f7c0 00007ff095bfe8c2
0x00007ff07d36f7a0:   00007ff07d36f7c0 000048b10064f07f
0x00007ff07d36f7b0:   00007ff07d36f890 0000000000000098
0x00007ff07d36f7c0:   00007ff07d36f850 00007ff095bdfaa0
0x00007ff07d36f7d0:   00007ff07d36f808 00007ff07d36f800
0x00007ff07d36f7e0:   00007ff07d36f7f8 00007ff07d36f81c
0x00007ff07d36f7f0:   000000016400b270 0000000000000000
0x00007ff07d36f800:   0000000000000000 0000000000000000
0x00007ff07d36f810:   00007ff0640184e0 f000100a7d36f890
0x00007ff07d36f820:   0100000000000014 0000000000000002
0x00007ff07d36f830:   000000000000000f 0000000000000002
0x00007ff07d36f840:   00000000000f0200 000000000000000f
0x00007ff07d36f850:   00007ff07d36faa0 00007ff095bea9c6
0x00007ff07d36f860:   00000c7c00000013 00007ff0960f0200
0x00007ff07d36f870:   00007ff05c000bd0 0000000000000000
0x00007ff07d36f880:   00007ff07d36f890 00007ff07d36fa20
0x00007ff07d36f890:   00007ff064018c84 00007ff0000001ec
0x00007ff07d36f8a0:   00007ff06401f310 000000000000012c
0x00007ff07d36f8b0:   00007ff07d36f8e0 00007ff06401f1f0
0x00007ff07d36f8c0:   00007f0000000000 00000c7c0000001c
0x00007ff07d36f8d0:   00007ff00000fa80 00007ff07d36f8e0
0x00007ff07d36f8e0:   f07f000014000000 06000000d8410064
0x00007ff07d36f8f0:   00003e74696e693c 0000005629280300
0x00007ff07d36f900:   7f00000100000000 000000d0410064f0 

Instructions: (pc=0x00007ff096ff5530)
0x00007ff096ff5510:   55 48 89 e5 53 48 83 ec 08 48 85 ff 75 12 31 db
0x00007ff096ff5520:   48 89 d8 48 83 c4 08 5b c9 c3 66 0f 1f 44 00 00
0x00007ff096ff5530:   48 8b 1f 48 85 db 74 e6 48 83 fb 37 74 e0 48 8b
0x00007ff096ff5540:   03 48 89 df ff 50 10 84 c0 0f 1f 80 00 00 00 00 

Register to memory mapping:

RAX=0x0000000000000001 is an unknown value
RBX=0x00007ff090008a60 is an unknown value
RCX=0x00007ff09811c320: <offset 0x219320> in /lib/x86_64-linux-gnu/libpthread.so.0 at 0x00007ff097f03000
RDX=0x00007ff0976f9c00: <offset 0xf9dc00> in /usr/lib/jvm/java-8-oracle/jre/lib/amd64/server/libjvm.so at 0x00007ff09675c000
RSP=0x00007ff07d36f710 is pointing into the stack for thread: 0x00007ff0900c8000
RBP=0x00007ff07d36f720 is pointing into the stack for thread: 0x00007ff0900c8000
RSI=0x00007ff0900c8000 is a thread
RDI=0x000048b10064f07f is an unknown value
R8 =0x0000000000000000 is an unknown value
R9 =0x00007ff06401f710 is an unknown value
R10=0x0000000000000020 is an unknown value
R11=0x00007ff0978abc70: <offset 0x187c70> in /lib/x86_64-linux-gnu/libc.so.6 at 0x00007ff097724000
R12=0x0000000000000017 is an unknown value
R13=0x000048b10064f07f is an unknown value
R14=0x00007ff0900c8000 is a thread
R15=0x00007ff07d36f827 is pointing into the stack for thread: 0x00007ff0900c8000


Stack: [0x00007ff07d270000,0x00007ff07d371000],  sp=0x00007ff07d36f710,  free space=1021k
Native frames: (J=compiled Java code, j=interpreted, Vv=VM code, C=native code)
V  [libjvm.so+0x899530]  Method::checked_resolve_jmethod_id(_jmethodID*)+0x20
V  [libjvm.so+0x72afce]  jvmti_IsMethodSynthetic+0x2be
C  [libjdwp.so+0x258c2]  isMethodSynthetic+0x42
C  [libjdwp.so+0x6aa0]  methods1+0x1b0
C  [libjdwp.so+0x119c6]  debugLoop_run+0x2b6
C  [libjdwp.so+0x247ff]  attachThread+0x2f
V  [libjvm.so+0x797132]  JvmtiAgentThread::call_start_function()+0xc2
V  [libjvm.so+0xa5c96f]  JavaThread::thread_main_inner()+0xdf
V  [libjvm.so+0xa5ca9c]  JavaThread::run()+0x11c
V  [libjvm.so+0x910ee8]  java_start(Thread*)+0x108
C  [libpthread.so.0+0x8182]  start_thread+0xc2


---------------  P R O C E S S  ---------------

Java Threads: ( => current thread )
  0x00007ff04c009000 JavaThread "Scheduler-403180946" [_thread_blocked, id=3781, stack(0x00007ff0462c4000,0x00007ff0463c5000)]
  0x00007ff04006a800 JavaThread "org.eclipse.jetty.server.session.HashSessionManager@262dc4dbTimer" daemon [_thread_blocked, id=3778, stack(0x00007ff0463c5000,0x00007ff0464c6000)]
  0x00007ff040065000 JavaThread "qtp86183954-24" [_thread_blocked, id=3776, stack(0x00007ff0464c6000,0x00007ff0465c7000)]
  0x00007ff040063000 JavaThread "qtp86183954-23" [_thread_in_native, id=3775, stack(0x00007ff0465c7000,0x00007ff0466c8000)]
  0x00007ff040061000 JavaThread "qtp86183954-22" [_thread_blocked, id=3774, stack(0x00007ff0466c8000,0x00007ff0467c9000)]
  0x00007ff04005f000 JavaThread "qtp86183954-21" [_thread_blocked, id=3773, stack(0x00007ff0467c9000,0x00007ff0468ca000)]
  0x00007ff04005d000 JavaThread "qtp86183954-20" [_thread_blocked, id=3772, stack(0x00007ff0468ca000,0x00007ff0469cb000)]
  0x00007ff04005b800 JavaThread "qtp86183954-19-acceptor-0@7b78f94c-ServerConnector@75bf0853{HTTP/1.1,[http/1.1]}{0.0.0.0:8080}" [_thread_in_native, id=3771, stack(0x00007ff0469cb000,0x00007ff046acc000)]
  0x00007ff04005b000 JavaThread "qtp86183954-18" [_thread_blocked, id=3770, stack(0x00007ff046acc000,0x00007ff046bcd000)]
  0x00007ff04005a000 JavaThread "qtp86183954-17" [_thread_blocked, id=3769, stack(0x00007ff046bcd000,0x00007ff046cce000)]
  0x00007ff090011800 JavaThread "DestroyJavaVM" [_thread_blocked, id=3738, stack(0x00007ff098220000,0x00007ff098321000)]
  0x00007ff091007000 JavaThread "Thread-1" [_thread_blocked, id=3765, stack(0x00007ff0470d7000,0x00007ff0471d8000)]
  0x00007ff090aa1000 JavaThread "pool-1-thread-1" [_thread_blocked, id=3763, stack(0x00007ff07c017000,0x00007ff07c118000)]
  0x00007ff0909d7000 JavaThread "Abandoned connection cleanup thread" daemon [_thread_blocked, id=3762, stack(0x00007ff07c339000,0x00007ff07c43a000)]
  0x00007ff0900d6000 JavaThread "Service Thread" daemon [_thread_blocked, id=3760, stack(0x00007ff07cd6b000,0x00007ff07ce6c000)]
  0x00007ff0900d1000 JavaThread "C1 CompilerThread1" daemon [_thread_blocked, id=3759, stack(0x00007ff07ce6c000,0x00007ff07cf6d000)]
  0x00007ff0900ce000 JavaThread "C2 CompilerThread0" daemon [_thread_blocked, id=3758, stack(0x00007ff07cf6d000,0x00007ff07d06e000)]
  0x00007ff064001000 JavaThread "JDWP Command Reader" daemon [_thread_in_native, id=3754, stack(0x00007ff07d06e000,0x00007ff07d16f000)]
  0x00007ff0900cb800 JavaThread "JDWP Event Helper Thread" daemon [_thread_blocked, id=3753, stack(0x00007ff07d16f000,0x00007ff07d270000)]
=>0x00007ff0900c8000 JavaThread "JDWP Transport Listener: dt_socket" daemon [_thread_in_vm, id=3750, stack(0x00007ff07d270000,0x00007ff07d371000)]
  0x00007ff0900b9800 JavaThread "Signal Dispatcher" daemon [_thread_blocked, id=3748, stack(0x00007ff07d575000,0x00007ff07d676000)]
  0x00007ff090082800 JavaThread "Finalizer" daemon [_thread_blocked, id=3747, stack(0x00007ff07d676000,0x00007ff07d777000)]
  0x00007ff090080800 JavaThread "Reference Handler" daemon [_thread_blocked, id=3746, stack(0x00007ff07d777000,0x00007ff07d878000)]

Other Threads:
  0x00007ff09007b000 VMThread [stack: 0x00007ff07d878000,0x00007ff07d979000] [id=3745]
  0x00007ff0900d8800 WatcherThread [stack: 0x00007ff07cc6a000,0x00007ff07cd6b000] [id=3761]

VM state:not at safepoint (normal execution)

VM Mutex/Monitor currently owned by a thread: None

Heap:
 PSYoungGen      total 85504K, used 32295K [0x00000000eb600000, 0x00000000f2100000, 0x0000000100000000)
  eden space 76288K, 42% used [0x00000000eb600000,0x00000000ed589f68,0x00000000f0080000)
  from space 9216K, 0% used [0x00000000f0080000,0x00000000f0080000,0x00000000f0980000)
  to   space 9216K, 0% used [0x00000000f1800000,0x00000000f1800000,0x00000000f2100000)
 ParOldGen       total 51200K, used 8808K [0x00000000c2200000, 0x00000000c5400000, 0x00000000eb600000)
  object space 51200K, 17% used [0x00000000c2200000,0x00000000c2a9a0e0,0x00000000c5400000)
 Metaspace       used 36523K, capacity 36856K, committed 37120K, reserved 1081344K
  class space    used 4485K, capacity 4606K, committed 4608K, reserved 1048576K

Card table byte_map: [0x00007ff094177000,0x00007ff094367000] byte_map_base: 0x00007ff093b66000

Marking Bits: (ParMarkBitMap*) 0x00007ff0976f96c0
 Begin Bits: [0x00007ff07ef0e000, 0x00007ff07fe86000)
 End Bits:   [0x00007ff07fe86000, 0x00007ff080dfe000)

Polling page: 0x00007ff098340000

CodeCache: size=245760Kb used=8411Kb max_used=8607Kb free=237348Kb
 bounds [0x00007ff081000000, 0x00007ff0818a0000, 0x00007ff090000000]
 total_blobs=3142 nmethods=2620 adapters=443
 compilation: enabled

Compilation events (10 events):
Event: 52,155 Thread 0x00007ff0900d1000 2879       3       com.fasterxml.jackson.core.JsonFactory$Feature::getMask (7 bytes)
Event: 52,155 Thread 0x00007ff0900d1000 nmethod 2879 0x00007ff0813b13d0 code [0x00007ff0813b1540, 0x00007ff0813b1730]
Event: 52,155 Thread 0x00007ff0900d1000 2877       3       com.fasterxml.jackson.databind.util.ClassUtil$Ctor::getParamCount (25 bytes)
Event: 52,155 Thread 0x00007ff0900d1000 nmethod 2877 0x00007ff0814006d0 code [0x00007ff081400860, 0x00007ff081400ca8]
Event: 52,155 Thread 0x00007ff0900d1000 2880       1       com.fasterxml.jackson.databind.type.TypeBindings$AsKey::hashCode (5 bytes)
Event: 52,155 Thread 0x00007ff0900d1000 nmethod 2880 0x00007ff081394b10 code [0x00007ff081394c60, 0x00007ff081394d70]
Event: 105,112 Thread 0x00007ff0900ce000 2881   !   4       java.lang.ref.ReferenceQueue::remove (125 bytes)
Event: 105,116 Thread 0x00007ff0900ce000 nmethod 2881 0x00007ff0813ff990 code [0x00007ff0813ffb20, 0x00007ff081400408]
Event: 170,645 Thread 0x00007ff0900d1000 2882       3       java.lang.Thread::interrupted (8 bytes)
Event: 170,645 Thread 0x00007ff0900d1000 nmethod 2882 0x00007ff08113c8d0 code [0x00007ff08113ca40, 0x00007ff08113cbc8]

GC Heap History (10 events):
Event: 2,206 GC heap before
{Heap before GC invocations=9 (full 1):
 PSYoungGen      total 68096K, used 3375K [0x00000000eb600000, 0x00000000eff00000, 0x0000000100000000)
  eden space 62464K, 0% used [0x00000000eb600000,0x00000000eb600000,0x00000000ef300000)
  from space 5632K, 59% used [0x00000000ef980000,0x00000000efccbe10,0x00000000eff00000)
  to   space 6144K, 0% used [0x00000000ef300000,0x00000000ef300000,0x00000000ef900000)
 ParOldGen       total 42496K, used 5524K [0x00000000c2200000, 0x00000000c4b80000, 0x00000000eb600000)
  object space 42496K, 13% used [0x00000000c2200000,0x00000000c27653d0,0x00000000c4b80000)
 Metaspace       used 21023K, capacity 21200K, committed 21296K, reserved 1069056K
  class space    used 2638K, capacity 2684K, committed 2688K, reserved 1048576K
Event: 2,240 GC heap after
Heap after GC invocations=9 (full 1):
 PSYoungGen      total 68096K, used 0K [0x00000000eb600000, 0x00000000eff00000, 0x0000000100000000)
  eden space 62464K, 0% used [0x00000000eb600000,0x00000000eb600000,0x00000000ef300000)
  from space 5632K, 0% used [0x00000000ef980000,0x00000000ef980000,0x00000000eff00000)
  to   space 6144K, 0% used [0x00000000ef300000,0x00000000ef300000,0x00000000ef900000)
 ParOldGen       total 32256K, used 5677K [0x00000000c2200000, 0x00000000c4180000, 0x00000000eb600000)
  object space 32256K, 17% used [0x00000000c2200000,0x00000000c278b698,0x00000000c4180000)
 Metaspace       used 21023K, capacity 21200K, committed 21296K, reserved 1069056K
  class space    used 2638K, capacity 2684K, committed 2688K, reserved 1048576K
}
Event: 18,380 GC heap before
{Heap before GC invocations=10 (full 1):
 PSYoungGen      total 68096K, used 62464K [0x00000000eb600000, 0x00000000eff00000, 0x0000000100000000)
  eden space 62464K, 100% used [0x00000000eb600000,0x00000000ef300000,0x00000000ef300000)
  from space 5632K, 0% used [0x00000000ef980000,0x00000000ef980000,0x00000000eff00000)
  to   space 6144K, 0% used [0x00000000ef300000,0x00000000ef300000,0x00000000ef900000)
 ParOldGen       total 32256K, used 5677K [0x00000000c2200000, 0x00000000c4180000, 0x00000000eb600000)
  object space 32256K, 17% used [0x00000000c2200000,0x00000000c278b698,0x00000000c4180000)
 Metaspace       used 29549K, capacity 29896K, committed 30208K, reserved 1075200K
  class space    used 3663K, capacity 3760K, committed 3840K, reserved 1048576K
Event: 18,394 GC heap after
Heap after GC invocations=10 (full 1):
 PSYoungGen      total 68608K, used 6139K [0x00000000eb600000, 0x00000000f1180000, 0x0000000100000000)
  eden space 62464K, 0% used [0x00000000eb600000,0x00000000eb600000,0x00000000ef300000)
  from space 6144K, 99% used [0x00000000ef300000,0x00000000ef8fee08,0x00000000ef900000)
  to   space 7680K, 0% used [0x00000000f0a00000,0x00000000f0a00000,0x00000000f1180000)
 ParOldGen       total 32256K, used 6855K [0x00000000c2200000, 0x00000000c4180000, 0x00000000eb600000)
  object space 32256K, 21% used [0x00000000c2200000,0x00000000c28b1cd0,0x00000000c4180000)
 Metaspace       used 29549K, capacity 29896K, committed 30208K, reserved 1075200K
  class space    used 3663K, capacity 3760K, committed 3840K, reserved 1048576K
}
Event: 24,994 GC heap before
{Heap before GC invocations=11 (full 1):
 PSYoungGen      total 68608K, used 68603K [0x00000000eb600000, 0x00000000f1180000, 0x0000000100000000)
  eden space 62464K, 100% used [0x00000000eb600000,0x00000000ef300000,0x00000000ef300000)
  from space 6144K, 99% used [0x00000000ef300000,0x00000000ef8fee08,0x00000000ef900000)
  to   space 7680K, 0% used [0x00000000f0a00000,0x00000000f0a00000,0x00000000f1180000)
 ParOldGen       total 32256K, used 6855K [0x00000000c2200000, 0x00000000c4180000, 0x00000000eb600000)
  object space 32256K, 21% used [0x00000000c2200000,0x00000000c28b1cd0,0x00000000c4180000)
 Metaspace       used 34949K, capacity 35258K, committed 35456K, reserved 1081344K
  class space    used 4319K, capacity 4459K, committed 4480K, reserved 1048576K
Event: 25,007 GC heap after
Heap after GC invocations=11 (full 1):
 PSYoungGen      total 83968K, used 7668K [0x00000000eb600000, 0x00000000f1280000, 0x0000000100000000)
  eden space 76288K, 0% used [0x00000000eb600000,0x00000000eb600000,0x00000000f0080000)
  from space 7680K, 99% used [0x00000000f0a00000,0x00000000f117d298,0x00000000f1180000)
  to   space 9216K, 0% used [0x00000000f0080000,0x00000000f0080000,0x00000000f0980000)
 ParOldGen       total 32256K, used 8201K [0x00000000c2200000, 0x00000000c4180000, 0x00000000eb600000)
  object space 32256K, 25% used [0x00000000c2200000,0x00000000c2a026d8,0x00000000c4180000)
 Metaspace       used 34949K, capacity 35258K, committed 35456K, reserved 1081344K
  class space    used 4319K, capacity 4459K, committed 4480K, reserved 1048576K
}
Event: 29,270 GC heap before
{Heap before GC invocations=12 (full 1):
 PSYoungGen      total 83968K, used 11527K [0x00000000eb600000, 0x00000000f1280000, 0x0000000100000000)
  eden space 76288K, 5% used [0x00000000eb600000,0x00000000eb9c4a90,0x00000000f0080000)
  from space 7680K, 99% used [0x00000000f0a00000,0x00000000f117d298,0x00000000f1180000)
  to   space 9216K, 0% used [0x00000000f0080000,0x00000000f0080000,0x00000000f0980000)
 ParOldGen       total 32256K, used 8201K [0x00000000c2200000, 0x00000000c4180000, 0x00000000eb600000)
  object space 32256K, 25% used [0x00000000c2200000,0x00000000c2a026d8,0x00000000c4180000)
 Metaspace       used 35004K, capacity 35322K, committed 35456K, reserved 1081344K
  class space    used 4321K, capacity 4459K, committed 4480K, reserved 1048576K
Event: 29,281 GC heap after
Heap after GC invocations=12 (full 1):
 PSYoungGen      total 85504K, used 144K [0x00000000eb600000, 0x00000000f2100000, 0x0000000100000000)
  eden space 76288K, 0% used [0x00000000eb600000,0x00000000eb600000,0x00000000f0080000)
  from space 9216K, 1% used [0x00000000f0080000,0x00000000f00a4088,0x00000000f0980000)
  to   space 9216K, 0% used [0x00000000f1800000,0x00000000f1800000,0x00000000f2100000)
 ParOldGen       total 32256K, used 11748K [0x00000000c2200000, 0x00000000c4180000, 0x00000000eb600000)
  object space 32256K, 36% used [0x00000000c2200000,0x00000000c2d79128,0x00000000c4180000)
 Metaspace       used 35004K, capacity 35322K, committed 35456K, reserved 1081344K
  class space    used 4321K, capacity 4459K, committed 4480K, reserved 1048576K
}
Event: 29,281 GC heap before
{Heap before GC invocations=13 (full 2):
 PSYoungGen      total 85504K, used 144K [0x00000000eb600000, 0x00000000f2100000, 0x0000000100000000)
  eden space 76288K, 0% used [0x00000000eb600000,0x00000000eb600000,0x00000000f0080000)
  from space 9216K, 1% used [0x00000000f0080000,0x00000000f00a4088,0x00000000f0980000)
  to   space 9216K, 0% used [0x00000000f1800000,0x00000000f1800000,0x00000000f2100000)
 ParOldGen       total 32256K, used 11748K [0x00000000c2200000, 0x00000000c4180000, 0x00000000eb600000)
  object space 32256K, 36% used [0x00000000c2200000,0x00000000c2d79128,0x00000000c4180000)
 Metaspace       used 35004K, capacity 35322K, committed 35456K, reserved 1081344K
  class space    used 4321K, capacity 4459K, committed 4480K, reserved 1048576K
Event: 29,361 GC heap after
Heap after GC invocations=13 (full 2):
 PSYoungGen      total 85504K, used 0K [0x00000000eb600000, 0x00000000f2100000, 0x0000000100000000)
  eden space 76288K, 0% used [0x00000000eb600000,0x00000000eb600000,0x00000000f0080000)
  from space 9216K, 0% used [0x00000000f0080000,0x00000000f0080000,0x00000000f0980000)
  to   space 9216K, 0% used [0x00000000f1800000,0x00000000f1800000,0x00000000f2100000)
 ParOldGen       total 51200K, used 8808K [0x00000000c2200000, 0x00000000c5400000, 0x00000000eb600000)
  object space 51200K, 17% used [0x00000000c2200000,0x00000000c2a9a0e0,0x00000000c5400000)
 Metaspace       used 35004K, capacity 35322K, committed 35456K, reserved 1081344K
  class space    used 4321K, capacity 4459K, committed 4480K, reserved 1048576K
}

Deoptimization events (10 events):
Event: 49,392 Thread 0x00007ff040061000 Uncommon trap: reason=range_check action=none pc=0x00007ff0813afee4 method=sun.reflect.generics.parser.SignatureParser.current()C @ 34
Event: 49,393 Thread 0x00007ff040061000 Uncommon trap: reason=range_check action=none pc=0x00007ff0813afee4 method=sun.reflect.generics.parser.SignatureParser.current()C @ 34
Event: 49,398 Thread 0x00007ff040061000 Uncommon trap: reason=array_check action=maybe_recompile pc=0x00007ff08152cff8 method=org.antlr.v4.runtime.misc.Array2DHashSet.getOrAddImpl(Ljava/lang/Object;)Ljava/lang/Object; @ 133
Event: 49,398 Thread 0x00007ff040061000 Uncommon trap: reason=array_check action=maybe_recompile pc=0x00007ff08152cff8 method=org.antlr.v4.runtime.misc.Array2DHashSet.getOrAddImpl(Ljava/lang/Object;)Ljava/lang/Object; @ 133
Event: 50,623 Thread 0x00007ff04005b000 Uncommon trap: reason=range_check action=none pc=0x00007ff0813afee4 method=sun.reflect.generics.parser.SignatureParser.current()C @ 34
Event: 50,624 Thread 0x00007ff04005b000 Uncommon trap: reason=range_check action=none pc=0x00007ff0813afee4 method=sun.reflect.generics.parser.SignatureParser.current()C @ 34
Event: 52,151 Thread 0x00007ff04005d000 Uncommon trap: reason=range_check action=none pc=0x00007ff0813afee4 method=sun.reflect.generics.parser.SignatureParser.current()C @ 34
Event: 52,153 Thread 0x00007ff04005d000 Uncommon trap: reason=range_check action=none pc=0x00007ff0813afee4 method=sun.reflect.generics.parser.SignatureParser.current()C @ 34
Event: 52,153 Thread 0x00007ff04005d000 Uncommon trap: reason=range_check action=none pc=0x00007ff0813afee4 method=sun.reflect.generics.parser.SignatureParser.current()C @ 34
Event: 52,154 Thread 0x00007ff04005d000 Uncommon trap: reason=range_check action=none pc=0x00007ff0813afee4 method=sun.reflect.generics.parser.SignatureParser.current()C @ 34

Internal exceptions (10 events):
Event: 49,391 Thread 0x00007ff040061000 Exception <a 'java/lang/ArrayIndexOutOfBoundsException': 28> (0x00000000ecc12160) thrown at [/HUDSON/workspace/8-2-build-linux-amd64/jdk8u40/2855/hotspot/src/share/vm/interpreter/interpreterRuntime.cpp, line 366]
Event: 49,392 Thread 0x00007ff040061000 Exception <a 'java/lang/ArrayIndexOutOfBoundsException': 28> (0x00000000ecc1d380) thrown at [/HUDSON/workspace/8-2-build-linux-amd64/jdk8u40/2855/hotspot/src/share/vm/interpreter/interpreterRuntime.cpp, line 366]
Event: 49,393 Thread 0x00007ff040061000 Exception <a 'java/lang/ArrayIndexOutOfBoundsException': 28> (0x00000000ecc2b3a8) thrown at [/HUDSON/workspace/8-2-build-linux-amd64/jdk8u40/2855/hotspot/src/share/vm/interpreter/interpreterRuntime.cpp, line 366]
Event: 50,623 Thread 0x00007ff04005b000 Exception <a 'java/lang/ArrayIndexOutOfBoundsException': 28> (0x00000000eba32348) thrown at [/HUDSON/workspace/8-2-build-linux-amd64/jdk8u40/2855/hotspot/src/share/vm/interpreter/interpreterRuntime.cpp, line 366]
Event: 50,624 Thread 0x00007ff04005b000 Exception <a 'java/lang/ArrayIndexOutOfBoundsException': 28> (0x00000000eba40358) thrown at [/HUDSON/workspace/8-2-build-linux-amd64/jdk8u40/2855/hotspot/src/share/vm/interpreter/interpreterRuntime.cpp, line 366]
Event: 52,151 Thread 0x00007ff04005d000 Exception <a 'java/lang/ArrayIndexOutOfBoundsException': 28> (0x00000000ecab5748) thrown at [/HUDSON/workspace/8-2-build-linux-amd64/jdk8u40/2855/hotspot/src/share/vm/interpreter/interpreterRuntime.cpp, line 366]
Event: 52,153 Thread 0x00007ff04005d000 Exception <a 'java/lang/ArrayIndexOutOfBoundsException': 28> (0x00000000ecac3758) thrown at [/HUDSON/workspace/8-2-build-linux-amd64/jdk8u40/2855/hotspot/src/share/vm/interpreter/interpreterRuntime.cpp, line 366]
Event: 52,153 Thread 0x00007ff04005d000 Exception <a 'java/lang/NullPointerException'> (0x00000000ecac6620) thrown at [/HUDSON/workspace/8-2-build-linux-amd64/jdk8u40/2855/hotspot/src/share/vm/interpreter/linkResolver.cpp, line 1178]
Event: 52,153 Thread 0x00007ff04005d000 Exception <a 'java/lang/ArrayIndexOutOfBoundsException': 28> (0x00000000ecaced88) thrown at [/HUDSON/workspace/8-2-build-linux-amd64/jdk8u40/2855/hotspot/src/share/vm/interpreter/interpreterRuntime.cpp, line 366]
Event: 52,154 Thread 0x00007ff04005d000 Exception <a 'java/lang/ArrayIndexOutOfBoundsException': 28> (0x00000000ecadcd98) thrown at [/HUDSON/workspace/8-2-build-linux-amd64/jdk8u40/2855/hotspot/src/share/vm/interpreter/interpreterRuntime.cpp, line 366]

Events (10 events):
Event: 240,617 Executing VM operation: GetCurrentLocation
Event: 240,617 Executing VM operation: GetCurrentLocation done
Event: 240,617 Executing VM operation: EnterInterpOnlyMode
Event: 240,617 Executing VM operation: EnterInterpOnlyMode done
Event: 240,617 Executing VM operation: ChangeSingleStep
Event: 240,617 Executing VM operation: ChangeSingleStep done
Event: 240,617 Executing VM operation: ChangeSingleStep
Event: 240,618 Executing VM operation: ChangeSingleStep done
Event: 240,624 Executing VM operation: RedefineClasses
Event: 240,640 Executing VM operation: RedefineClasses done


Dynamic libraries:
00400000-00401000 r-xp 00000000 08:01 1715285                            /usr/lib/jvm/java-8-oracle/bin/java
00600000-00601000 rw-p 00000000 08:01 1715285                            /usr/lib/jvm/java-8-oracle/bin/java
024e2000-02503000 rw-p 00000000 00:00 0                                  [heap]
c2200000-c5400000 rw-p 00000000 00:00 0 
c5400000-eb600000 ---p 00000000 00:00 0 
eb600000-f2100000 rw-p 00000000 00:00 0 
f2100000-100000000 ---p 00000000 00:00 0 
100000000-100480000 rw-p 00000000 00:00 0 
100480000-140000000 ---p 00000000 00:00 0 
7ff040000000-7ff040086000 rw-p 00000000 00:00 0 
7ff040086000-7ff044000000 ---p 00000000 00:00 0 
7ff04584b000-7ff045a0b000 rw-p 00000000 00:00 0 
7ff045a0b000-7ff045a4b000 ---p 00000000 00:00 0 
7ff045a4b000-7ff045a61000 r-xp 00000000 08:01 1577283                    /lib/x86_64-linux-gnu/libgcc_s.so.1
7ff045a61000-7ff045c60000 ---p 00016000 08:01 1577283                    /lib/x86_64-linux-gnu/libgcc_s.so.1
7ff045c60000-7ff045c61000 rw-p 00015000 08:01 1577283                    /lib/x86_64-linux-gnu/libgcc_s.so.1
7ff045c7d000-7ff045caf000 r-xp 00000000 08:01 1715576                    /usr/lib/jvm/java-8-oracle/jre/lib/amd64/libsunec.so
7ff045caf000-7ff045eae000 ---p 00032000 08:01 1715576                    /usr/lib/jvm/java-8-oracle/jre/lib/amd64/libsunec.so
7ff045eae000-7ff045eb4000 rw-p 00031000 08:01 1715576                    /usr/lib/jvm/java-8-oracle/jre/lib/amd64/libsunec.so
7ff045eb4000-7ff0460c4000 rw-p 00000000 00:00 0 
7ff0460c4000-7ff0462c4000 rw-p 00000000 00:00 0 
7ff0462c4000-7ff0462c7000 ---p 00000000 00:00 0 
7ff0462c7000-7ff0463c5000 rw-p 00000000 00:00 0                          [stack:3781]
7ff0463c5000-7ff0463c8000 ---p 00000000 00:00 0 
7ff0463c8000-7ff0464c6000 rw-p 00000000 00:00 0                          [stack:3778]
7ff0464c6000-7ff0464c9000 ---p 00000000 00:00 0 
7ff0464c9000-7ff0465c7000 rw-p 00000000 00:00 0                          [stack:3776]
7ff0465c7000-7ff0465ca000 ---p 00000000 00:00 0 
7ff0465ca000-7ff0466c8000 rw-p 00000000 00:00 0                          [stack:3775]
7ff0466c8000-7ff0466cb000 ---p 00000000 00:00 0 
7ff0466cb000-7ff0467c9000 rw-p 00000000 00:00 0                          [stack:3774]
7ff0467c9000-7ff0467cc000 ---p 00000000 00:00 0 
7ff0467cc000-7ff0468ca000 rw-p 00000000 00:00 0                          [stack:3773]
7ff0468ca000-7ff0468cd000 ---p 00000000 00:00 0 
7ff0468cd000-7ff0469cb000 rw-p 00000000 00:00 0                          [stack:3772]
7ff0469cb000-7ff0469ce000 ---p 00000000 00:00 0 
7ff0469ce000-7ff046acc000 rw-p 00000000 00:00 0                          [stack:3771]
7ff046acc000-7ff046acf000 ---p 00000000 00:00 0 
7ff046acf000-7ff046bcd000 rw-p 00000000 00:00 0                          [stack:3770]
7ff046bcd000-7ff046bd0000 ---p 00000000 00:00 0 
7ff046bd0000-7ff046cce000 rw-p 00000000 00:00 0                          [stack:3769]
7ff046cce000-7ff046cd6000 r-xp 00000000 08:01 1715598                    /usr/lib/jvm/java-8-oracle/jre/lib/amd64/libmanagement.so
7ff046cd6000-7ff046ed6000 ---p 00008000 08:01 1715598                    /usr/lib/jvm/java-8-oracle/jre/lib/amd64/libmanagement.so
7ff046ed6000-7ff046ed7000 rw-p 00008000 08:01 1715598                    /usr/lib/jvm/java-8-oracle/jre/lib/amd64/libmanagement.so
7ff046ed7000-7ff0470d7000 rw-p 00000000 00:00 0 
7ff0470d7000-7ff0470da000 ---p 00000000 00:00 0 
7ff0470da000-7ff0473d8000 rw-p 00000000 00:00 0                          [stack:3765]
7ff0473d8000-7ff0475d8000 rw-p 00000000 00:00 0 
7ff0475d8000-7ff0475e9000 r-xp 00000000 08:01 1715606                    /usr/lib/jvm/java-8-oracle/jre/lib/amd64/libnio.so
7ff0475e9000-7ff0477e8000 ---p 00011000 08:01 1715606                    /usr/lib/jvm/java-8-oracle/jre/lib/amd64/libnio.so
7ff0477e8000-7ff0477e9000 rw-p 00010000 08:01 1715606                    /usr/lib/jvm/java-8-oracle/jre/lib/amd64/libnio.so
7ff0477e9000-7ff0479e9000 rw-p 00000000 00:00 0 
7ff0479e9000-7ff047be9000 rw-p 00000000 00:00 0 
7ff047be9000-7ff047de9000 rw-p 00000000 00:00 0 
7ff047de9000-7ff047dff000 r-xp 00000000 08:01 1715586                    /usr/lib/jvm/java-8-oracle/jre/lib/amd64/libnet.so
7ff047dff000-7ff047fff000 ---p 00016000 08:01 1715586                    /usr/lib/jvm/java-8-oracle/jre/lib/amd64/libnet.so
7ff047fff000-7ff048000000 rw-p 00016000 08:01 1715586                    /usr/lib/jvm/java-8-oracle/jre/lib/amd64/libnet.so
7ff048000000-7ff04807d000 rw-p 00000000 00:00 0 
7ff04807d000-7ff04c000000 ---p 00000000 00:00 0 
7ff04c000000-7ff04c1ca000 rw-p 00000000 00:00 0 
7ff04c1ca000-7ff050000000 ---p 00000000 00:00 0 
7ff050000000-7ff05399d000 rw-p 00000000 00:00 0 
7ff05399d000-7ff054000000 ---p 00000000 00:00 0 
7ff054000000-7ff0545e9000 rw-p 00000000 00:00 0 
7ff0545e9000-7ff058000000 ---p 00000000 00:00 0 
7ff058000000-7ff058056000 rw-p 00000000 00:00 0 
7ff058056000-7ff05c000000 ---p 00000000 00:00 0 
7ff05c000000-7ff05c045000 rw-p 00000000 00:00 0 
7ff05c045000-7ff060000000 ---p 00000000 00:00 0 
7ff060000000-7ff060048000 rw-p 00000000 00:00 0 
7ff060048000-7ff064000000 ---p 00000000 00:00 0 
7ff064000000-7ff0642c7000 rw-p 00000000 00:00 0 
7ff0642c7000-7ff068000000 ---p 00000000 00:00 0 
7ff068000000-7ff068021000 rw-p 00000000 00:00 0 
7ff068021000-7ff06c000000 ---p 00000000 00:00 0 
7ff06c000000-7ff06c021000 rw-p 00000000 00:00 0 
7ff06c021000-7ff070000000 ---p 00000000 00:00 0 
7ff070000000-7ff070021000 rw-p 00000000 00:00 0 
7ff070021000-7ff074000000 ---p 00000000 00:00 0 
7ff074000000-7ff07403a000 rw-p 00000000 00:00 0 
7ff07403a000-7ff078000000 ---p 00000000 00:00 0 
7ff078000000-7ff078021000 rw-p 00000000 00:00 0 
7ff078021000-7ff07c000000 ---p 00000000 00:00 0 
7ff07c008000-7ff07c00b000 rw-p 00000000 00:00 0 
7ff07c00b000-7ff07c010000 r--s 0003f000 08:01 1715631                    /usr/lib/jvm/java-8-oracle/jre/lib/ext/sunjce_provider.jar
7ff07c010000-7ff07c011000 r--s 00009000 08:01 1715628                    /usr/lib/jvm/java-8-oracle/jre/lib/ext/sunec.jar
7ff07c011000-7ff07c014000 r--s 0003a000 08:01 1715624                    /usr/lib/jvm/java-8-oracle/jre/lib/ext/sunpkcs11.jar
7ff07c014000-7ff07c017000 r--s 0001a000 08:01 1715456                    /usr/lib/jvm/java-8-oracle/jre/lib/jce.jar
7ff07c017000-7ff07c01a000 ---p 00000000 00:00 0 
7ff07c01a000-7ff07c118000 rw-p 00000000 00:00 0                          [stack:3763]
7ff07c118000-7ff07c11d000 r--s 00094000 08:01 1715635                    /usr/lib/jvm/java-8-oracle/jre/lib/jsse.jar
7ff07c11d000-7ff07c139000 r--s 00393000 08:01 1715625                    /usr/lib/jvm/java-8-oracle/jre/lib/ext/cldrdata.jar
7ff07c139000-7ff07c339000 rw-p 00000000 00:00 0 
7ff07c339000-7ff07c33c000 ---p 00000000 00:00 0 
7ff07c33c000-7ff07c63a000 rw-p 00000000 00:00 0                          [stack:3762]
7ff07c63a000-7ff07c83a000 rw-p 00000000 00:00 0 
7ff07c83a000-7ff07c84d000 r--s 00344000 08:01 1715634                    /usr/lib/jvm/java-8-oracle/jre/lib/resources.jar
7ff07c84d000-7ff07c858000 r--s 00116000 08:01 1715623                    /usr/lib/jvm/java-8-oracle/jre/lib/ext/localedata.jar
7ff07c858000-7ff07c859000 r--s 00002000 08:01 1443484                    /home/dds/.m2/repository/org/slf4j/slf4j-simple/1.7.21/slf4j-simple-1.7.21.jar
7ff07c859000-7ff07c85a000 r--s 00002000 08:01 1443481                    /home/dds/.m2/repository/org/slf4j/slf4j-log4j12/1.7.25/slf4j-log4j12-1.7.25.jar
7ff07c85a000-7ff07c85d000 r--s 00012000 08:01 1443475                    /home/dds/.m2/repository/org/ocpsoft/prettytime/prettytime/2.1.2.Final/prettytime-2.1.2.Final.jar
7ff07c85d000-7ff07c860000 r--s 00012000 08:01 1443472                    /home/dds/.m2/repository/com/github/mfornos/humanize-slim/1.1.1/humanize-slim-1.1.1.jar
7ff07c860000-7ff07c862000 r--s 00003000 08:01 1443469                    /home/dds/.m2/repository/com/github/jknack/handlebars-humanize/4.0.6/handlebars-humanize-4.0.6.jar
7ff07c862000-7ff07c863000 r--s 00002000 08:01 1443466                    /home/dds/.m2/repository/com/github/jknack/handlebars-helpers/4.0.6/handlebars-helpers-4.0.6.jar
7ff07c863000-7ff07c8cb000 r--s 00573000 08:01 793128                     /home/dds/.m2/repository/com/sparkjava/spark-debug-tools/0.5/spark-debug-tools-0.5.jar
7ff07c8cb000-7ff07c8cd000 r--s 00000000 08:01 1320282                    /home/dds/.m2/repository/com/github/jknack/handlebars-guava-cache/1.3.1/handlebars-guava-cache-1.3.1.jar
7ff07c8cd000-7ff07c8da000 r--s 00109000 08:01 1196387                    /home/dds/.m2/repository/org/mozilla/rhino/1.7R4/rhino-1.7R4.jar
7ff07c8da000-7ff07c8db000 r--s 00002000 08:01 1196384                    /home/dds/.m2/repository/org/antlr/antlr4-annotations/4.2.2/antlr4-annotations-4.2.2.jar
7ff07c8db000-7ff07c8e1000 r--s 0004b000 08:01 919504                     /home/dds/.m2/repository/org/antlr/antlr4-runtime/4.2.2/antlr4-runtime-4.2.2.jar
7ff07c8e1000-7ff07c8e7000 r--s 00048000 08:01 659059                     /home/dds/.m2/repository/org/apache/commons/commons-lang3/3.1/commons-lang3-3.1.jar
7ff07c8e7000-7ff07c8ed000 r--s 00041000 08:01 793125                     /home/dds/.m2/repository/com/github/jknack/handlebars/1.3.1/handlebars-1.3.1.jar
7ff07c8ed000-7ff07c8ee000 r--s 00000000 08:01 659778                     /home/dds/.m2/repository/com/sparkjava/spark-template-handlebars/2.3/spark-template-handlebars-2.3.jar
7ff07c8ee000-7ff07c8ef000 r--s 00004000 08:01 1443460                    /home/dds/.m2/repository/org/eclipse/jetty/websocket/websocket-servlet/9.3.6.v20151106/websocket-servlet-9.3.6.v20151106.jar
7ff07c8ef000-7ff07c8f0000 r--s 00008000 08:01 1443457                    /home/dds/.m2/repository/org/eclipse/jetty/websocket/websocket-client/9.3.6.v20151106/websocket-client-9.3.6.v20151106.jar
7ff07c8f0000-7ff07c8f3000 r--s 00009000 08:01 1443463                    /home/dds/.m2/repository/org/eclipse/jetty/websocket/websocket-api/9.3.6.v20151106/websocket-api-9.3.6.v20151106.jar
7ff07c8f3000-7ff07c8f7000 r--s 0002a000 08:01 1443454                    /home/dds/.m2/repository/org/eclipse/jetty/websocket/websocket-common/9.3.6.v20151106/websocket-common-9.3.6.v20151106.jar
7ff07c8f7000-7ff07c8f9000 r--s 00008000 08:01 1443451                    /home/dds/.m2/repository/org/eclipse/jetty/websocket/websocket-server/9.3.6.v20151106/websocket-server-9.3.6.v20151106.jar
7ff07c8f9000-7ff07c8fc000 r--s 00014000 08:01 1443448                    /home/dds/.m2/repository/org/eclipse/jetty/jetty-security/9.3.6.v20151106/jetty-security-9.3.6.v20151106.jar
7ff07c8fc000-7ff07c8fe000 r--s 0001a000 08:01 1443445                    /home/dds/.m2/repository/org/eclipse/jetty/jetty-servlet/9.3.6.v20151106/jetty-servlet-9.3.6.v20151106.jar
7ff07c8fe000-7ff07c900000 r--s 0000b000 08:01 1443442                    /home/dds/.m2/repository/org/eclipse/jetty/jetty-xml/9.3.6.v20151106/jetty-xml-9.3.6.v20151106.jar
7ff07c900000-7ff07c903000 r--s 00019000 08:01 1443439                    /home/dds/.m2/repository/org/eclipse/jetty/jetty-webapp/9.3.6.v20151106/jetty-webapp-9.3.6.v20151106.jar
7ff07c903000-7ff07c906000 r--s 00017000 08:01 1443436                    /home/dds/.m2/repository/org/eclipse/jetty/jetty-io/9.3.6.v20151106/jetty-io-9.3.6.v20151106.jar
7ff07c906000-7ff07c90d000 r--s 0005f000 08:01 1320275                    /home/dds/.m2/repository/org/eclipse/jetty/jetty-util/9.3.6.v20151106/jetty-util-9.3.6.v20151106.jar
7ff07c90d000-7ff07c910000 r--s 0001a000 08:01 1320271                    /home/dds/.m2/repository/org/eclipse/jetty/jetty-http/9.3.6.v20151106/jetty-http-9.3.6.v20151106.jar
7ff07c910000-7ff07c917000 r--s 0006f000 08:01 792522                     /home/dds/.m2/repository/org/eclipse/jetty/jetty-server/9.3.6.v20151106/jetty-server-9.3.6.v20151106.jar
7ff07c917000-7ff07c919000 r--s 00005000 08:01 1443478                    /home/dds/.m2/repository/org/slf4j/slf4j-api/1.7.5/slf4j-api-1.7.5.jar
7ff07c919000-7ff07c91d000 r--s 00020000 08:01 659925                     /home/dds/.m2/repository/com/sparkjava/spark-core/2.5.2/spark-core-2.5.2.jar
7ff07c91d000-7ff07c92a000 r--s 00148000 08:01 919345                     /home/dds/.m2/repository/org/hsqldb/hsqldb/2.2.8/hsqldb-2.2.8.jar
7ff07c92a000-7ff07c931000 r--s 000ca000 08:01 919342                     /home/dds/.m2/repository/mysql/mysql-connector-java/5.1.26/mysql-connector-java-5.1.26.jar
7ff07c931000-7ff07c933000 r--s 00008000 08:01 919099                     /home/dds/.m2/repository/org/apache/maven/doxia/doxia-decoration-model/1.0-alpha-7/doxia-decoration-model-1.0-alpha-7.jar
7ff07c933000-7ff07c93e000 r--s 00074000 08:01 1319024                    /home/dds/.m2/repository/velocity/velocity-dep/1.4/velocity-dep-1.4.jar
7ff07c93e000-7ff07c946000 r--s 00051000 08:01 1319022                    /home/dds/.m2/repository/velocity/velocity/1.4/velocity-1.4.jar
7ff07c946000-7ff07c948000 r--s 00005000 08:01 919097                     /home/dds/.m2/repository/commons-logging/commons-logging-api/1.0.4/commons-logging-api-1.0.4.jar
7ff07c948000-7ff07c949000 r--s 00001000 08:01 1319020                    /home/dds/.m2/repository/org/codehaus/plexus/plexus-velocity/1.1.2/plexus-velocity-1.1.2.jar
7ff07c949000-7ff07c94a000 r--s 00002000 08:01 1195864                    /home/dds/.m2/repository/org/codehaus/plexus/plexus-i18n/1.0-beta-6/plexus-i18n-1.0-beta-6.jar
7ff07c94a000-7ff07c94c000 r--s 00002000 08:01 919095                     /home/dds/.m2/repository/org/apache/maven/doxia/doxia-site-renderer/1.0-alpha-7/doxia-site-renderer-1.0-alpha-7.jar
7ff07c94c000-7ff07c952000 r--s 00033000 08:01 919093                     /home/dds/.m2/repository/org/apache/maven/doxia/doxia-core/1.0-alpha-7/doxia-core-1.0-alpha-7.jar
7ff07c952000-7ff07c954000 r--s 0000e000 08:01 1319018                    /home/dds/.m2/repository/oro/oro/2.0.7/oro-2.0.7.jar
7ff07c954000-7ff07c958000 r--s 00026000 08:01 1319016                    /home/dds/.m2/repository/commons-digester/commons-digester/1.6/commons-digester-1.6.jar
7ff07c958000-7ff07c95b000 r--s 00014000 08:01 1319014                    /home/dds/.m2/repository/commons-validator/commons-validator/1.2.0/commons-validator-1.2.0.jar
7ff07c95b000-7ff07c95d000 r--s 00002000 08:01 659469                     /home/dds/.m2/repository/org/apache/maven/reporting/maven-reporting-impl/2.0.4/maven-reporting-impl-2.0.4.jar
7ff07c95d000-7ff07c95e000 r--s 00002000 08:01 787623                     /home/dds/.m2/repository/org/apache/maven/doxia/doxia-sink-api/1.0-alpha-9/doxia-sink-api-1.0-alpha-9.jar
7ff07c95e000-7ff07c960000 r--s 00000000 08:01 659467                     /home/dds/.m2/repository/org/apache/maven/reporting/maven-reporting-api/2.0.4/maven-reporting-api-2.0.4.jar
7ff07c960000-7ff07c965000 r--s 0004e000 08:01 1319012                    /home/dds/.m2/repository/edu/ucla/cs/compilers/jtb/1.3.2/jtb-1.3.2.jar
7ff07c965000-7ff07c967000 r--s 00009000 08:01 1195862                    /home/dds/.m2/repository/org/apache/maven/wagon/wagon-provider-api/1.0-alpha-6/wagon-provider-api-1.0-alpha-6.jar
7ff07c967000-7ff07c96a000 r--s 00011000 08:01 919091                     /home/dds/.m2/repository/org/apache/maven/maven-artifact/2.0.4/maven-artifact-2.0.4.jar
7ff07c96a000-7ff07c96b000 r--s 00004000 08:01 919089                     /home/dds/.m2/repository/org/apache/maven/maven-repository-metadata/2.0.4/maven-repository-metadata-2.0.4.jar
7ff07c96b000-7ff07c96d000 r--s 0000a000 08:01 919087                     /home/dds/.m2/repository/org/apache/maven/maven-artifact-manager/2.0.4/maven-artifact-manager-2.0.4.jar
7ff07c96d000-7ff07c96f000 r--s 00006000 08:01 919085                     /home/dds/.m2/repository/org/apache/maven/maven-profile/2.0.4/maven-profile-2.0.4.jar
7ff07c96f000-7ff07c971000 r--s 00008000 08:01 659464                     /home/dds/.m2/repository/classworlds/classworlds/1.1-alpha-2/classworlds-1.1-alpha-2.jar
7ff07c971000-7ff07c978000 r--s 00029000 08:01 787620                     /home/dds/.m2/repository/org/codehaus/plexus/plexus-container-default/1.0-alpha-9/plexus-container-default-1.0-alpha-9.jar
7ff07c978000-7ff07c97d000 r--s 00039000 08:01 1195860                    /home/dds/.m2/repository/org/codehaus/plexus/plexus-utils/1.5.6/plexus-utils-1.5.6.jar
7ff07c97d000-7ff07c97f000 r--s 00012000 08:01 919083                     /home/dds/.m2/repository/org/apache/maven/maven-model/2.0.4/maven-model-2.0.4.jar
7ff07c97f000-7ff07c981000 r--s 00009000 08:01 919081                     /home/dds/.m2/repository/org/apache/maven/maven-settings/2.0.4/maven-settings-2.0.4.jar
7ff07c981000-7ff07c984000 r--s 00018000 08:01 919079                     /home/dds/.m2/repository/org/apache/maven/maven-project/2.0.4/maven-project-2.0.4.jar
7ff07c984000-7ff07c986000 r--s 00001000 08:01 919077                     /home/dds/.m2/repository/org/apache/maven/maven-plugin-api/2.0.4/maven-plugin-api-2.0.4.jar
7ff07c986000-7ff07c988000 r--s 00011000 08:01 1195858                    /home/dds/.m2/repository/org/codehaus/mojo/javacc-maven-plugin/2.6/javacc-maven-plugin-2.6.jar
7ff07c988000-7ff07c98e000 r--s 00093000 08:01 659462                     /home/dds/.m2/repository/net/java/dev/javacc/javacc/7.0.2/javacc-7.0.2.jar
7ff07c98e000-7ff07c990000 r--s 00011000 08:01 919339                     /home/dds/.m2/repository/org/jboss/jandex/1.1.0.Final/jandex-1.1.0.Final.jar
7ff07c990000-7ff07c995000 r--s 00068000 08:01 788171                     /home/dds/.m2/repository/antlr/antlr/2.7.7/antlr-2.7.7.jar
7ff07c995000-7ff07c99a000 r--s 00017000 08:01 788180                     /home/dds/.m2/repository/org/hibernate/javax/persistence/hibernate-jpa-2.1-api/1.0.0.Final/hibernate-jpa-2.1-api-1.0.0.Final.jar
7ff07c99a000-7ff07c99d000 r--s 00010000 08:01 788174                     /home/dds/.m2/repository/org/hibernate/common/hibernate-commons-annotations/4.0.5.Final/hibernate-commons-annotations-4.0.5.Final.jar
7ff07c99d000-7ff07c99e000 r--s 00006000 08:01 788177                     /home/dds/.m2/repository/org/jboss/spec/javax/transaction/jboss-transaction-api_1.2_spec/1.0.0.Final/jboss-transaction-api_1.2_spec-1.0.0.Final.jar
7ff07c99e000-7ff07c9fc000 r--s 004a5000 08:01 788168                     /home/dds/.m2/repository/org/hibernate/hibernate-core/4.3.6.Final/hibernate-core-4.3.6.Final.jar
7ff07c9fc000-7ff07c9fd000 r--s 00002000 08:01 659717                     /home/dds/.m2/repository/org/jboss/logging/jboss-logging-annotations/1.2.0.Beta1/jboss-logging-annotations-1.2.0.Beta1.jar
7ff07c9fd000-7ff07c9ff000 r--s 0000c000 08:01 659714                     /home/dds/.m2/repository/org/jboss/logging/jboss-logging/3.1.3.GA/jboss-logging-3.1.3.GA.jar
7ff07c9ff000-7ff07ca0d000 r--s 00091000 08:01 919348                     /home/dds/.m2/repository/org/hibernate/hibernate-entitymanager/4.3.11.Final/hibernate-entitymanager-4.3.11.Final.jar
7ff07ca0d000-7ff07ca0f000 r--s 00002000 08:01 659711                     /home/dds/.m2/repository/org/uqbar-project/jpa-java8-extras/1.0-alpha-1/jpa-java8-extras-1.0-alpha-1.jar
7ff07ca0f000-7ff07ca22000 r--s 00211000 08:01 658466                     /home/dds/.m2/repository/org/eclipse/swt/gtk/org.eclipse.swt.gtk.linux.x86_64/3.5.2.v3557f/org.eclipse.swt.gtk.linux.x86_64-3.5.2.v3557f.jar
7ff07ca22000-7ff07ca66000 r--s 0037c000 08:01 658463                     /home/dds/.m2/repository/org/eclipse/ui/org.eclipse.ui.workbench/3.4.2.M20090127-1700/org.eclipse.ui.workbench-3.4.2.M20090127-1700.jar
7ff07ca66000-7ff07ca67000 r--s 00003000 08:01 658460                     /home/dds/.m2/repository/org/eclipse/org.eclipse.swt/3.4.2.v3452b/org.eclipse.swt-3.4.2.v3452b.jar
7ff07ca67000-7ff07ca76000 r--s 000e5000 08:01 658457                     /home/dds/.m2/repository/org/eclipse/org.eclipse.osgi/3.4.3.R34x_v20081215-1030/org.eclipse.osgi-3.4.3.R34x_v20081215-1030.jar
7ff07ca76000-7ff07ca8a000 r--s 000eb000 08:01 658454                     /home/dds/.m2/repository/org/eclipse/org.eclipse.jface/3.4.2.M20090107-0800/org.eclipse.jface-3.4.2.M20090107-0800.jar
7ff07ca8a000-7ff07ca8f000 r--s 0002b000 08:01 658449                     /home/dds/.m2/repository/org/eclipse/jface/org.eclipse.jface.databinding/1.2.1.M20080827-0800a/org.eclipse.jface.databinding-1.2.1.M20080827-0800a.jar
7ff07ca8f000-7ff07ca92000 r--s 00015000 08:01 658444                     /home/dds/.m2/repository/org/eclipse/equinox/org.eclipse.equinox.common/3.4.0.v20080421-2006/org.eclipse.equinox.common-3.4.0.v20080421-2006.jar
7ff07ca92000-7ff07ca9b000 r--s 0004c000 08:01 658441                     /home/dds/.m2/repository/org/eclipse/core/org.eclipse.core.databinding/1.1.1.M20080827-0800b/org.eclipse.core.databinding-1.1.1.M20080827-0800b.jar
7ff07ca9b000-7ff07ca9d000 r--s 0000d000 08:01 658438                     /home/dds/.m2/repository/org/eclipse/core/databinding/org.eclipse.core.databinding.beans/1.1.1.M20080827-0800a/org.eclipse.core.databinding.beans-1.1.1.M20080827-0800a.jar
7ff07ca9d000-7ff07caa0000 r--s 00017000 08:01 658435                     /home/dds/.m2/repository/org/eclipse/core/org.eclipse.core.commands/3.4.0.I20080509-2000/org.eclipse.core.commands-3.4.0.I20080509-2000.jar
7ff07caa0000-7ff07caee000 r--s 0087c000 08:01 658382                     /home/dds/.m2/repository/com/ibm/icu/icu4j/50.1.1/icu4j-50.1.1.jar
7ff07caee000-7ff07caf0000 r--s 00008000 08:01 658376                     /home/dds/.m2/repository/org/uqbar-project/arena-poo/3.6.1/arena-poo-3.6.1.jar
7ff07caf0000-7ff07cafa000 r--s 00095000 08:01 658390                     /home/dds/.m2/repository/org/scala-lang/modules/scala-xml_2.11/1.0.2/scala-xml_2.11-1.0.2.jar
7ff07cafa000-7ff07cb52000 r--s 004f2000 08:01 658385                     /home/dds/.m2/repository/org/scala-lang/scala-library/2.11.2/scala-library-2.11.2.jar
7ff07cb52000-7ff07cb57000 r--s 00016000 08:01 658373                     /home/dds/.m2/repository/xml-apis/xml-apis/1.0.b2/xml-apis-1.0.b2.jar
7ff07cb57000-7ff07cb5c000 r--s 00048000 08:01 658370                     /home/dds/.m2/repository/dom4j/dom4j/1.6.1/dom4j-1.6.1.jar
7ff07cb5c000-7ff07cb5f000 r--s 00006000 08:01 658367                     /home/dds/.m2/repository/com/google/code/findbugs/jsr305/1.3.9/jsr305-1.3.9.jar
7ff07cb5f000-7ff07cb88000 r--s 001ee000 08:01 659931                     /home/dds/.m2/repository/com/google/guava/guava/14.0.1/guava-14.0.1.jar
7ff07cb88000-7ff07cb8b000 r--s 00017000 08:01 658361                     /home/dds/.m2/repository/org/reflections/reflections/0.9.8/reflections-0.9.8.jar
7ff07cb8b000-7ff07cb95000 r--s 000a5000 08:01 658358                     /home/dds/.m2/repository/org/javassist/javassist/3.18.1-GA/javassist-3.18.1-GA.jar
7ff07cb95000-7ff07cb99000 r--s 00038000 08:01 658416                     /home/dds/.m2/repository/commons-lang/commons-lang/2.2/commons-lang-2.2.jar
7ff07cb99000-7ff07cba1000 r--s 00053000 08:01 658413                     /home/dds/.m2/repository/net/sf/oval/oval/1.81/oval-1.81.jar
7ff07cba1000-7ff07cba3000 r--s 0000d000 08:01 658410                     /home/dds/.m2/repository/commons-logging/commons-logging/1.1.1/commons-logging-1.1.1.jar
7ff07cba3000-7ff07cba8000 r--s 00034000 08:01 658407                     /home/dds/.m2/repository/commons-beanutils/commons-beanutils/1.8.3/commons-beanutils-1.8.3.jar
7ff07cba8000-7ff07cbb4000 r--s 00076000 08:01 658402                     /home/dds/.m2/repository/net/sourceforge/collections/collections-generic/4.01/collections-generic-4.01.jar
7ff07cbb4000-7ff07cbc2000 r--s 0007f000 08:01 658399                     /home/dds/.m2/repository/commons-collections/commons-collections/3.2.1/commons-collections-3.2.1.jar
7ff07cbc2000-7ff07cbcb000 r--s 0006d000 08:01 658396                     /home/dds/.m2/repository/log4j/log4j/1.2.16/log4j-1.2.16.jar
7ff07cbcb000-7ff07cbcd000 r--s 00008000 08:01 658393                     /home/dds/.m2/repository/org/uqbar-project/uqbar-domain/3.6.1/uqbar-domain-3.6.1.jar
7ff07cbcd000-7ff07cbd1000 r--s 00028000 08:01 658355                     /home/dds/.m2/repository/org/uqbar-project/arena-apo/3.6.1/arena-apo-3.6.1.jar
7ff07cbd1000-7ff07cbd8000 r--s 0002c000 08:01 658349                     /home/dds/.m2/repository/org/uqbar-project/arena-core/3.6.1/arena-core-3.6.1.jar
7ff07cbd8000-7ff07cbde000 r--s 00035000 08:01 658346                     /home/dds/.m2/repository/org/uqbar-project/arena-jface/3.6.1/arena-jface-3.6.1.jar
7ff07cbde000-7ff07cbe8000 r--s 00066000 08:01 658422                     /home/dds/.m2/repository/com/sun/jersey/jersey-core/1.8/jersey-core-1.8.jar
7ff07cbe8000-7ff07cc06000 r--s 00110000 08:01 659562                     /home/dds/.m2/repository/org/mockito/mockito-all/2.0.2-beta/mockito-all-2.0.2-beta.jar
7ff07cc06000-7ff07cc0e000 r--s 00045000 08:01 658340                     /home/dds/.m2/repository/junit/junit/4.12/junit-4.12.jar
7ff07cc0e000-7ff07cc58000 r--s 002f4000 08:01 1056119                    /home/dds/.m2/repository/org/bouncycastle/bcprov-jdk15on/1.55/bcprov-jdk15on-1.55.jar
7ff07cc58000-7ff07cc6a000 r--s 0011c000 08:01 1320301                    /home/dds/.m2/repository/com/fasterxml/jackson/core/jackson-databind/2.8.4/jackson-databind-2.8.4.jar
7ff07cc6a000-7ff07cc6b000 ---p 00000000 00:00 0 
7ff07cc6b000-7ff07cd6b000 rw-p 00000000 00:00 0                          [stack:3761]
7ff07cd6b000-7ff07cd6e000 ---p 00000000 00:00 0 
7ff07cd6e000-7ff07ce6c000 rw-p 00000000 00:00 0                          [stack:3760]
7ff07ce6c000-7ff07ce6f000 ---p 00000000 00:00 0 
7ff07ce6f000-7ff07cf6d000 rw-p 00000000 00:00 0                          [stack:3759]
7ff07cf6d000-7ff07cf70000 ---p 00000000 00:00 0 
7ff07cf70000-7ff07d06e000 rw-p 00000000 00:00 0                          [stack:3758]
7ff07d06e000-7ff07d071000 ---p 00000000 00:00 0 
7ff07d071000-7ff07d16f000 rw-p 00000000 00:00 0                          [stack:3754]
7ff07d16f000-7ff07d172000 ---p 00000000 00:00 0 
7ff07d172000-7ff07d270000 rw-p 00000000 00:00 0                          [stack:3753]
7ff07d270000-7ff07d273000 ---p 00000000 00:00 0 
7ff07d273000-7ff07d371000 rw-p 00000000 00:00 0                          [stack:3750]
7ff07d371000-7ff07d375000 r-xp 00000000 08:01 1715575                    /usr/lib/jvm/java-8-oracle/jre/lib/amd64/libdt_socket.so
7ff07d375000-7ff07d574000 ---p 00004000 08:01 1715575                    /usr/lib/jvm/java-8-oracle/jre/lib/amd64/libdt_socket.so
7ff07d574000-7ff07d575000 rw-p 00003000 08:01 1715575                    /usr/lib/jvm/java-8-oracle/jre/lib/amd64/libdt_socket.so
7ff07d575000-7ff07d578000 ---p 00000000 00:00 0 
7ff07d578000-7ff07d676000 rw-p 00000000 00:00 0                          [stack:3748]
7ff07d676000-7ff07d679000 ---p 00000000 00:00 0 
7ff07d679000-7ff07d777000 rw-p 00000000 00:00 0                          [stack:3747]
7ff07d777000-7ff07d77a000 ---p 00000000 00:00 0 
7ff07d77a000-7ff07d878000 rw-p 00000000 00:00 0                          [stack:3746]
7ff07d878000-7ff07d879000 ---p 00000000 00:00 0 
7ff07d879000-7ff07e2d1000 rw-p 00000000 00:00 0                          [stack:3745]
7ff07e2d1000-7ff07e4a9000 r--s 03d09000 08:01 1715353                    /usr/lib/jvm/java-8-oracle/jre/lib/rt.jar
7ff07e4a9000-7ff080dfe000 rw-p 00000000 00:00 0 
7ff080dfe000-7ff080dff000 ---p 00000000 00:00 0 
7ff080dff000-7ff080eff000 rw-p 00000000 00:00 0                          [stack:3743]
7ff080eff000-7ff080f00000 ---p 00000000 00:00 0 
7ff080f00000-7ff081000000 rw-p 00000000 00:00 0                          [stack:3742]
7ff081000000-7ff0818a0000 rwxp 00000000 00:00 0 
7ff0818a0000-7ff090000000 ---p 00000000 00:00 0 
7ff090000000-7ff091077000 rw-p 00000000 00:00 0 
7ff091077000-7ff094000000 ---p 00000000 00:00 0 
7ff094000000-7ff094005000 r--s 00034000 08:01 659337                     /home/dds/.m2/repository/com/google/code/gson/gson/2.8.0/gson-2.8.0.jar
7ff094005000-7ff09400c000 r--s 0003f000 08:01 831484                     /home/dds/.m2/repository/commons-codec/commons-codec/1.10/commons-codec-1.10.jar
7ff09400c000-7ff094046000 rw-p 00000000 00:00 0 
7ff094046000-7ff094177000 ---p 00000000 00:00 0 
7ff094177000-7ff094190000 rw-p 00000000 00:00 0 
7ff094190000-7ff0942c1000 ---p 00000000 00:00 0 
7ff0942c1000-7ff0942f7000 rw-p 00000000 00:00 0 
7ff0942f7000-7ff094366000 ---p 00000000 00:00 0 
7ff094366000-7ff09438a000 rw-p 00000000 00:00 0 
7ff09438a000-7ff094727000 ---p 00000000 00:00 0 
7ff094727000-7ff094741000 r-xp 00000000 08:01 1715597                    /usr/lib/jvm/java-8-oracle/jre/lib/amd64/libzip.so
7ff094741000-7ff094941000 ---p 0001a000 08:01 1715597                    /usr/lib/jvm/java-8-oracle/jre/lib/amd64/libzip.so
7ff094941000-7ff094942000 rw-p 0001a000 08:01 1715597                    /usr/lib/jvm/java-8-oracle/jre/lib/amd64/libzip.so
7ff094942000-7ff09494d000 r-xp 00000000 08:01 1577331                    /lib/x86_64-linux-gnu/libnss_files-2.19.so
7ff09494d000-7ff094b4c000 ---p 0000b000 08:01 1577331                    /lib/x86_64-linux-gnu/libnss_files-2.19.so
7ff094b4c000-7ff094b4d000 r--p 0000a000 08:01 1577331                    /lib/x86_64-linux-gnu/libnss_files-2.19.so
7ff094b4d000-7ff094b4e000 rw-p 0000b000 08:01 1577331                    /lib/x86_64-linux-gnu/libnss_files-2.19.so
7ff094b4e000-7ff094b59000 r-xp 00000000 08:01 1577341                    /lib/x86_64-linux-gnu/libnss_nis-2.19.so
7ff094b59000-7ff094d58000 ---p 0000b000 08:01 1577341                    /lib/x86_64-linux-gnu/libnss_nis-2.19.so
7ff094d58000-7ff094d59000 r--p 0000a000 08:01 1577341                    /lib/x86_64-linux-gnu/libnss_nis-2.19.so
7ff094d59000-7ff094d5a000 rw-p 0000b000 08:01 1577341                    /lib/x86_64-linux-gnu/libnss_nis-2.19.so
7ff094d5a000-7ff094d71000 r-xp 00000000 08:01 1577325                    /lib/x86_64-linux-gnu/libnsl-2.19.so
7ff094d71000-7ff094f70000 ---p 00017000 08:01 1577325                    /lib/x86_64-linux-gnu/libnsl-2.19.so
7ff094f70000-7ff094f71000 r--p 00016000 08:01 1577325                    /lib/x86_64-linux-gnu/libnsl-2.19.so
7ff094f71000-7ff094f72000 rw-p 00017000 08:01 1577325                    /lib/x86_64-linux-gnu/libnsl-2.19.so
7ff094f72000-7ff094f74000 rw-p 00000000 00:00 0 
7ff094f74000-7ff094f7d000 r-xp 00000000 08:01 1577327                    /lib/x86_64-linux-gnu/libnss_compat-2.19.so
7ff094f7d000-7ff09517c000 ---p 00009000 08:01 1577327                    /lib/x86_64-linux-gnu/libnss_compat-2.19.so
7ff09517c000-7ff09517d000 r--p 00008000 08:01 1577327                    /lib/x86_64-linux-gnu/libnss_compat-2.19.so
7ff09517d000-7ff09517e000 rw-p 00009000 08:01 1577327                    /lib/x86_64-linux-gnu/libnss_compat-2.19.so
7ff09517e000-7ff0959d6000 r--p 00000000 08:01 1708684                    /usr/lib/locale/locale-archive
7ff0959d6000-7ff0959d8000 r-xp 00000000 08:01 1715582                    /usr/lib/jvm/java-8-oracle/jre/lib/amd64/libnpt.so
7ff0959d8000-7ff095bd8000 ---p 00002000 08:01 1715582                    /usr/lib/jvm/java-8-oracle/jre/lib/amd64/libnpt.so
7ff095bd8000-7ff095bd9000 rw-p 00002000 08:01 1715582                    /usr/lib/jvm/java-8-oracle/jre/lib/amd64/libnpt.so
7ff095bd9000-7ff095c12000 r-xp 00000000 08:01 1715579                    /usr/lib/jvm/java-8-oracle/jre/lib/amd64/libjdwp.so
7ff095c12000-7ff095e11000 ---p 00039000 08:01 1715579                    /usr/lib/jvm/java-8-oracle/jre/lib/amd64/libjdwp.so
7ff095e11000-7ff095e13000 rw-p 00038000 08:01 1715579                    /usr/lib/jvm/java-8-oracle/jre/lib/amd64/libjdwp.so
7ff095e13000-7ff095e3d000 r-xp 00000000 08:01 1715559                    /usr/lib/jvm/java-8-oracle/jre/lib/amd64/libjava.so
7ff095e3d000-7ff09603d000 ---p 0002a000 08:01 1715559                    /usr/lib/jvm/java-8-oracle/jre/lib/amd64/libjava.so
7ff09603d000-7ff09603f000 rw-p 0002a000 08:01 1715559                    /usr/lib/jvm/java-8-oracle/jre/lib/amd64/libjava.so
7ff09603f000-7ff09604c000 r-xp 00000000 08:01 1715609                    /usr/lib/jvm/java-8-oracle/jre/lib/amd64/libverify.so
7ff09604c000-7ff09624c000 ---p 0000d000 08:01 1715609                    /usr/lib/jvm/java-8-oracle/jre/lib/amd64/libverify.so
7ff09624c000-7ff09624e000 rw-p 0000d000 08:01 1715609                    /usr/lib/jvm/java-8-oracle/jre/lib/amd64/libverify.so
7ff09624e000-7ff096255000 r-xp 00000000 08:01 1577384                    /lib/x86_64-linux-gnu/librt-2.19.so
7ff096255000-7ff096454000 ---p 00007000 08:01 1577384                    /lib/x86_64-linux-gnu/librt-2.19.so
7ff096454000-7ff096455000 r--p 00006000 08:01 1577384                    /lib/x86_64-linux-gnu/librt-2.19.so
7ff096455000-7ff096456000 rw-p 00007000 08:01 1577384                    /lib/x86_64-linux-gnu/librt-2.19.so
7ff096456000-7ff09655b000 r-xp 00000000 08:01 1577306                    /lib/x86_64-linux-gnu/libm-2.19.so
7ff09655b000-7ff09675a000 ---p 00105000 08:01 1577306                    /lib/x86_64-linux-gnu/libm-2.19.so
7ff09675a000-7ff09675b000 r--p 00104000 08:01 1577306                    /lib/x86_64-linux-gnu/libm-2.19.so
7ff09675b000-7ff09675c000 rw-p 00105000 08:01 1577306                    /lib/x86_64-linux-gnu/libm-2.19.so
7ff09675c000-7ff09740a000 r-xp 00000000 08:01 1715611                    /usr/lib/jvm/java-8-oracle/jre/lib/amd64/server/libjvm.so
7ff09740a000-7ff097609000 ---p 00cae000 08:01 1715611                    /usr/lib/jvm/java-8-oracle/jre/lib/amd64/server/libjvm.so
7ff097609000-7ff0976e0000 rw-p 00cad000 08:01 1715611                    /usr/lib/jvm/java-8-oracle/jre/lib/amd64/server/libjvm.so
7ff0976e0000-7ff097724000 rw-p 00000000 00:00 0 
7ff097724000-7ff0978df000 r-xp 00000000 08:01 1577256                    /lib/x86_64-linux-gnu/libc-2.19.so
7ff0978df000-7ff097ade000 ---p 001bb000 08:01 1577256                    /lib/x86_64-linux-gnu/libc-2.19.so
7ff097ade000-7ff097ae2000 r--p 001ba000 08:01 1577256                    /lib/x86_64-linux-gnu/libc-2.19.so
7ff097ae2000-7ff097ae4000 rw-p 001be000 08:01 1577256                    /lib/x86_64-linux-gnu/libc-2.19.so
7ff097ae4000-7ff097ae9000 rw-p 00000000 00:00 0 
7ff097ae9000-7ff097aec000 r-xp 00000000 08:01 1577273                    /lib/x86_64-linux-gnu/libdl-2.19.so
7ff097aec000-7ff097ceb000 ---p 00003000 08:01 1577273                    /lib/x86_64-linux-gnu/libdl-2.19.so
7ff097ceb000-7ff097cec000 r--p 00002000 08:01 1577273                    /lib/x86_64-linux-gnu/libdl-2.19.so
7ff097cec000-7ff097ced000 rw-p 00003000 08:01 1577273                    /lib/x86_64-linux-gnu/libdl-2.19.so
7ff097ced000-7ff097d02000 r-xp 00000000 08:01 1716389                    /usr/lib/jvm/java-8-oracle/lib/amd64/jli/libjli.so
7ff097d02000-7ff097f02000 ---p 00015000 08:01 1716389                    /usr/lib/jvm/java-8-oracle/lib/amd64/jli/libjli.so
7ff097f02000-7ff097f03000 rw-p 00015000 08:01 1716389                    /usr/lib/jvm/java-8-oracle/lib/amd64/jli/libjli.so
7ff097f03000-7ff097f1c000 r-xp 00000000 08:01 1577376                    /lib/x86_64-linux-gnu/libpthread-2.19.so
7ff097f1c000-7ff09811b000 ---p 00019000 08:01 1577376                    /lib/x86_64-linux-gnu/libpthread-2.19.so
7ff09811b000-7ff09811c000 r--p 00018000 08:01 1577376                    /lib/x86_64-linux-gnu/libpthread-2.19.so
7ff09811c000-7ff09811d000 rw-p 00019000 08:01 1577376                    /lib/x86_64-linux-gnu/libpthread-2.19.so
7ff09811d000-7ff098121000 rw-p 00000000 00:00 0 
7ff098121000-7ff098144000 r-xp 00000000 08:01 1577232                    /lib/x86_64-linux-gnu/ld-2.19.so
7ff098144000-7ff098147000 r--s 00014000 08:01 658352                     /home/dds/.m2/repository/org/uqbar-project/arena-pot/3.6.1/arena-pot-3.6.1.jar
7ff098147000-7ff098220000 rw-p 00000000 00:00 0 
7ff098220000-7ff098223000 ---p 00000000 00:00 0 
7ff098223000-7ff098325000 rw-p 00000000 00:00 0                          [stack:3738]
7ff098325000-7ff098329000 r--s 0001c000 08:01 658419                     /home/dds/.m2/repository/com/sun/jersey/jersey-client/1.8/jersey-client-1.8.jar
7ff098329000-7ff09832b000 r--s 00009000 08:01 658343                     /home/dds/.m2/repository/org/hamcrest/hamcrest-core/1.3/hamcrest-core-1.3.jar
7ff09832b000-7ff09832f000 r--s 00041000 08:01 1442990                    /home/dds/.m2/repository/com/fasterxml/jackson/core/jackson-core/2.8.4/jackson-core-2.8.4.jar
7ff09832f000-7ff098332000 r--s 0000b000 08:01 1442988                    /home/dds/.m2/repository/com/fasterxml/jackson/core/jackson-annotations/2.8.0/jackson-annotations-2.8.0.jar
7ff098332000-7ff098334000 r--s 0000b000 08:01 1196424                    /home/dds/.m2/repository/com/auth0/java-jwt/3.2.0/java-jwt-3.2.0.jar
7ff098334000-7ff098337000 r--s 00015000 08:01 1196381                    /home/dds/.m2/repository/javax/servlet/javax.servlet-api/3.1.0/javax.servlet-api-3.1.0.jar
7ff098337000-7ff09833f000 rw-s 00000000 08:01 537384                     /tmp/hsperfdata_dds/3736
7ff09833f000-7ff098340000 rw-p 00000000 00:00 0 
7ff098340000-7ff098341000 r--p 00000000 00:00 0 
7ff098341000-7ff098343000 rw-p 00000000 00:00 0 
7ff098343000-7ff098344000 r--p 00022000 08:01 1577232                    /lib/x86_64-linux-gnu/ld-2.19.so
7ff098344000-7ff098345000 rw-p 00023000 08:01 1577232                    /lib/x86_64-linux-gnu/ld-2.19.so
7ff098345000-7ff098346000 rw-p 00000000 00:00 0 
7fffcdf3a000-7fffcdf5e000 rw-p 00000000 00:00 0                          [stack]
7fffcdf6a000-7fffcdf6c000 r-xp 00000000 00:00 0                          [vdso]
7fffcdf6c000-7fffcdf6e000 r--p 00000000 00:00 0                          [vvar]
ffffffffff600000-ffffffffff601000 r-xp 00000000 00:00 0                  [vsyscall]

VM Arguments:
jvm_args: -agentlib:jdwp=transport=dt_socket,suspend=y,address=localhost:37763 -Dfile.encoding=UTF-8 
java_command: main.app.NextInversiones
java_class_path (initial): /home/dds/git/2017-vn-group-20/target/classes:/home/dds/.m2/repository/javax/servlet/javax.servlet-api/3.1.0/javax.servlet-api-3.1.0.jar:/home/dds/.m2/repository/com/auth0/java-jwt/3.2.0/java-jwt-3.2.0.jar:/home/dds/.m2/repository/com/fasterxml/jackson/core/jackson-databind/2.8.4/jackson-databind-2.8.4.jar:/home/dds/.m2/repository/com/fasterxml/jackson/core/jackson-annotations/2.8.0/jackson-annotations-2.8.0.jar:/home/dds/.m2/repository/com/fasterxml/jackson/core/jackson-core/2.8.4/jackson-core-2.8.4.jar:/home/dds/.m2/repository/commons-codec/commons-codec/1.10/commons-codec-1.10.jar:/home/dds/.m2/repository/org/bouncycastle/bcprov-jdk15on/1.55/bcprov-jdk15on-1.55.jar:/home/dds/.m2/repository/junit/junit/4.12/junit-4.12.jar:/home/dds/.m2/repository/org/hamcrest/hamcrest-core/1.3/hamcrest-core-1.3.jar:/home/dds/.m2/repository/org/mockito/mockito-all/2.0.2-beta/mockito-all-2.0.2-beta.jar:/home/dds/.m2/repository/com/google/code/gson/gson/2.8.0/gson-2.8.0.jar:/home/dds/.m2/repository/com/sun/jersey/jersey-client/1.8/jersey-client-1.8.jar:/home/dds/.m2/repository/com/sun/jersey/jersey-core/1.8/jersey-core-1.8.jar:/home/dds/.m2/repository/org/uqbar-project/arena-jface/3.6.1/arena-jface-3.6.1.jar:/home/dds/.m2/repository/org/uqbar-project/arena-core/3.6.1/arena-core-3.6.1.jar:/home/dds/.m2/repository/org/uqbar-project/arena-pot/3.6.1/arena-pot-3.6.1.jar:/home/dds/.m2/repository/org/uqbar-project/arena-apo/3.6.1/arena-apo-3.6.1.jar:/home/dds/.m2/repository/org/uqbar-project/uqbar-domain/3.6.1/uqbar-domain-3.6.1.jar:/home/dds/.m2/repository/log4j/log4j/1.2.16/log4j-1.2.16.jar:/home/dds/.m2/repository/commons-collections/commons-collections/3.2.1/commons-collections-3.2.1.jar:/home/dds/.m2/repository/net/sourceforge/collections/collections-generic/4.01/collections-generic-4.01.jar:/home/dds/.m2/repository/commons-beanutils/commons-beanutils/1.8.3/commons-beanutils-1.8.3.jar:/home/dds/.m2/repository/commons-logging/commons-logging/1.1.1/commons-lo
Launcher Type: SUN_STANDARD

Environment Variables:
PATH=/usr/local/sbin:/usr/local/bin:/usr/sbin:/usr/bin:/sbin:/bin:/usr/games:/usr/local/games
SHELL=/bin/bash
DISPLAY=:0

Signal Handlers:
SIGSEGV: [libjvm.so+0xaad2e0], sa_mask[0]=11111111011111111101111111111110, sa_flags=SA_RESTART|SA_SIGINFO
SIGBUS: [libjvm.so+0xaad2e0], sa_mask[0]=11111111011111111101111111111110, sa_flags=SA_RESTART|SA_SIGINFO
SIGFPE: [libjvm.so+0x90b550], sa_mask[0]=11111111011111111101111111111110, sa_flags=SA_RESTART|SA_SIGINFO
SIGPIPE: [libjvm.so+0x90b550], sa_mask[0]=11111111011111111101111111111110, sa_flags=SA_RESTART|SA_SIGINFO
SIGXFSZ: [libjvm.so+0x90b550], sa_mask[0]=11111111011111111101111111111110, sa_flags=SA_RESTART|SA_SIGINFO
SIGILL: [libjvm.so+0x90b550], sa_mask[0]=11111111011111111101111111111110, sa_flags=SA_RESTART|SA_SIGINFO
SIGUSR1: SIG_DFL, sa_mask[0]=00000000000000000000000000000000, sa_flags=none
SIGUSR2: [libjvm.so+0x90cb90], sa_mask[0]=00100000000000000000000000000000, sa_flags=SA_RESTART|SA_SIGINFO
SIGHUP: [libjvm.so+0x90dee0], sa_mask[0]=11111111011111111101111111111110, sa_flags=SA_RESTART|SA_SIGINFO
SIGINT: [libjvm.so+0x90dee0], sa_mask[0]=11111111011111111101111111111110, sa_flags=SA_RESTART|SA_SIGINFO
SIGTERM: [libjvm.so+0x90dee0], sa_mask[0]=11111111011111111101111111111110, sa_flags=SA_RESTART|SA_SIGINFO
SIGQUIT: [libjvm.so+0x90dee0], sa_mask[0]=11111111011111111101111111111110, sa_flags=SA_RESTART|SA_SIGINFO


---------------  S Y S T E M  ---------------

OS:DISTRIB_ID=Ubuntu
DISTRIB_RELEASE=14.04
DISTRIB_CODENAME=trusty
DISTRIB_DESCRIPTION="Ubuntu 14.04.2 LTS"

uname:Linux 3.16.0-33-generic #44~14.04.1-Ubuntu SMP Fri Mar 13 10:33:29 UTC 2015 x86_64
libc:glibc 2.19 NPTL 2.19 
rlimit: STACK 8192k, CORE 0k, NPROC 15728, NOFILE 4096, AS infinity
load average:0,37 0,33 0,28

/proc/meminfo:
MemTotal:        4047980 kB
MemFree:         1825036 kB
MemAvailable:    2476524 kB
Buffers:           81932 kB
Cached:           728696 kB
SwapCached:            0 kB
Active:          1610720 kB
Inactive:         484860 kB
Active(anon):    1285820 kB
Inactive(anon):     6896 kB
Active(file):     324900 kB
Inactive(file):   477964 kB
Unevictable:          56 kB
Mlocked:              56 kB
SwapTotal:       1046524 kB
SwapFree:        1046524 kB
Dirty:               140 kB
Writeback:             0 kB
AnonPages:       1285004 kB
Mapped:           308616 kB
Shmem:              7768 kB
Slab:              54488 kB
SReclaimable:      35100 kB
SUnreclaim:        19388 kB
KernelStack:        8080 kB
PageTables:        25964 kB
NFS_Unstable:          0 kB
Bounce:                0 kB
WritebackTmp:          0 kB
CommitLimit:     3070512 kB
Committed_AS:    3518296 kB
VmallocTotal:   34359738367 kB
VmallocUsed:       56608 kB
VmallocChunk:   34359676920 kB
HardwareCorrupted:     0 kB
AnonHugePages:    724992 kB
HugePages_Total:       0
HugePages_Free:        0
HugePages_Rsvd:        0
HugePages_Surp:        0
Hugepagesize:       2048 kB
DirectMap4k:       40896 kB
DirectMap2M:     4153344 kB


CPU:total 2 (2 cores per cpu, 1 threads per core) family 6 model 142 stepping 9, cmov, cx8, fxsr, mmx, sse, sse2, sse3, ssse3, sse4.1, sse4.2, popcnt, avx, aes, clmul, 3dnowpref, lzcnt, tsc, tscinvbit

/proc/cpuinfo:
processor	: 0
vendor_id	: GenuineIntel
cpu family	: 6
model		: 142
model name	: Intel(R) Core(TM) i7-7500U CPU @ 2.70GHz
stepping	: 9
cpu MHz		: 2904.005
cache size	: 4096 KB
physical id	: 0
siblings	: 2
core id		: 0
cpu cores	: 2
apicid		: 0
initial apicid	: 0
fpu		: yes
fpu_exception	: yes
cpuid level	: 22
wp		: yes
flags		: fpu vme de pse tsc msr pae mce cx8 apic sep mtrr pge mca cmov pat pse36 clflush mmx fxsr sse sse2 ht syscall nx rdtscp lm constant_tsc rep_good nopl xtopology nonstop_tsc pni pclmulqdq ssse3 cx16 sse4_1 sse4_2 movbe popcnt aes xsave avx rdrand lahf_lm abm 3dnowprefetch rdseed clflushopt
bogomips	: 5808.01
clflush size	: 64
cache_alignment	: 64
address sizes	: 39 bits physical, 48 bits virtual
power management:

processor	: 1
vendor_id	: GenuineIntel
cpu family	: 6
model		: 142
model name	: Intel(R) Core(TM) i7-7500U CPU @ 2.70GHz
stepping	: 9
cpu MHz		: 2904.005
cache size	: 4096 KB
physical id	: 0
siblings	: 2
core id		: 1
cpu cores	: 2
apicid		: 1
initial apicid	: 1
fpu		: yes
fpu_exception	: yes
cpuid level	: 22
wp		: yes
flags		: fpu vme de pse tsc msr pae mce cx8 apic sep mtrr pge mca cmov pat pse36 clflush mmx fxsr sse sse2 ht syscall nx rdtscp lm constant_tsc rep_good nopl xtopology nonstop_tsc pni pclmulqdq ssse3 cx16 sse4_1 sse4_2 movbe popcnt aes xsave avx rdrand lahf_lm abm 3dnowprefetch rdseed clflushopt
bogomips	: 5808.01
clflush size	: 64
cache_alignment	: 64
address sizes	: 39 bits physical, 48 bits virtual
power management:



Memory: 4k page, physical 4047980k(1825036k free), swap 1046524k(1046524k free)

vm_info: Java HotSpot(TM) 64-Bit Server VM (25.40-b25) for linux-amd64 JRE (1.8.0_40-b25), built on Feb 10 2015 21:29:53 by "java_re" with gcc 4.3.0 20080428 (Red Hat 4.3.0-8)

time: Fri Oct 20 17:00:53 2017
elapsed time: 240 seconds (0d 0h 4m 0s)

